[2015-05-18 00:00:29] local.ERROR: exception 'Symfony\Component\Debug\Exception\FatalErrorException' with message 'Class 'App\Http\Controllers\DB' not found' in /home/marketingpublico/public_html/pool/app/Http/Controllers/WelcomeController.php:46
Stack trace:
#0 {main}  
[2015-05-18 00:01:16] local.ERROR: exception 'PDOException' with message 'SQLSTATE[42000]: Syntax error or access violation: 1064 You have an error in your SQL syntax; check the manual that corresponds to your MySQL server version for the right syntax to use near '.`name, score1` from `games` inner join `teams` as `T1` on `games`.`t1` = `T1`.`' at line 1' in /home/marketingpublico/public_html/pool/vendor/laravel/framework/src/Illuminate/Database/Connection.php:288
Stack trace:
#0 /home/marketingpublico/public_html/pool/vendor/laravel/framework/src/Illuminate/Database/Connection.php(288): PDO->prepare('select `games`....')
#1 /home/marketingpublico/public_html/pool/vendor/laravel/framework/src/Illuminate/Database/Connection.php(612): Illuminate\Database\Connection->Illuminate\Database\{closure}(Object(Illuminate\Database\MySqlConnection), 'select `games`....', Array)
#2 /home/marketingpublico/public_html/pool/vendor/laravel/framework/src/Illuminate/Database/Connection.php(576): Illuminate\Database\Connection->runQueryCallback('select `games`....', Array, Object(Closure))
#3 /home/marketingpublico/public_html/pool/vendor/laravel/framework/src/Illuminate/Database/Connection.php(293): Illuminate\Database\Connection->run('select `games`....', Array, Object(Closure))
#4 /home/marketingpublico/public_html/pool/vendor/laravel/framework/src/Illuminate/Database/Query/Builder.php(1377): Illuminate\Database\Connection->select('select `games`....', Array, true)
#5 /home/marketingpublico/public_html/pool/vendor/laravel/framework/src/Illuminate/Database/Query/Builder.php(1367): Illuminate\Database\Query\Builder->runSelect()
#6 /home/marketingpublico/public_html/pool/vendor/laravel/framework/src/Illuminate/Database/Query/Builder.php(1354): Illuminate\Database\Query\Builder->getFresh(Array)
#7 /home/marketingpublico/public_html/pool/app/Http/Controllers/WelcomeController.php(52): Illuminate\Database\Query\Builder->get()
#8 [internal function]: App\Http\Controllers\WelcomeController->fixture()
#9 /home/marketingpublico/public_html/pool/vendor/laravel/framework/src/Illuminate/Routing/Controller.php(246): call_user_func_array(Array, Array)
#10 /home/marketingpublico/public_html/pool/vendor/laravel/framework/src/Illuminate/Routing/ControllerDispatcher.php(162): Illuminate\Routing\Controller->callAction('fixture', Array)
#11 /home/marketingpublico/public_html/pool/vendor/laravel/framework/src/Illuminate/Routing/ControllerDispatcher.php(107): Illuminate\Routing\ControllerDispatcher->call(Object(App\Http\Controllers\WelcomeController), Object(Illuminate\Routing\Route), 'fixture')
#12 [internal function]: Illuminate\Routing\ControllerDispatcher->Illuminate\Routing\{closure}(Object(Illuminate\Http\Request))
#13 /home/marketingpublico/public_html/pool/vendor/laravel/framework/src/Illuminate/Pipeline/Pipeline.php(141): call_user_func(Object(Closure), Object(Illuminate\Http\Request))
#14 /home/marketingpublico/public_html/pool/app/Http/Middleware/RedirectIfAuthenticated.php(41): Illuminate\Pipeline\Pipeline->Illuminate\Pipeline\{closure}(Object(Illuminate\Http\Request))
#15 /home/marketingpublico/public_html/pool/vendor/laravel/framework/src/Illuminate/Pipeline/Pipeline.php(125): App\Http\Middleware\RedirectIfAuthenticated->handle(Object(Illuminate\Http\Request), Object(Closure))
#16 [internal function]: Illuminate\Pipeline\Pipeline->Illuminate\Pipeline\{closure}(Object(Illuminate\Http\Request))
#17 /home/marketingpublico/public_html/pool/vendor/laravel/framework/src/Illuminate/Pipeline/Pipeline.php(101): call_user_func(Object(Closure), Object(Illuminate\Http\Request))
#18 /home/marketingpublico/public_html/pool/vendor/laravel/framework/src/Illuminate/Routing/ControllerDispatcher.php(108): Illuminate\Pipeline\Pipeline->then(Object(Closure))
#19 /home/marketingpublico/public_html/pool/vendor/laravel/framework/src/Illuminate/Routing/ControllerDispatcher.php(67): Illuminate\Routing\ControllerDispatcher->callWithinStack(Object(App\Http\Controllers\WelcomeController), Object(Illuminate\Routing\Route), Object(Illuminate\Http\Request), 'fixture')
#20 /home/marketingpublico/public_html/pool/vendor/laravel/framework/src/Illuminate/Routing/Route.php(198): Illuminate\Routing\ControllerDispatcher->dispatch(Object(Illuminate\Routing\Route), Object(Illuminate\Http\Request), 'App\\Http\\Contro...', 'fixture')
#21 /home/marketingpublico/public_html/pool/vendor/laravel/framework/src/Illuminate/Routing/Route.php(131): Illuminate\Routing\Route->runWithCustomDispatcher(Object(Illuminate\Http\Request))
#22 /home/marketingpublico/public_html/pool/vendor/laravel/framework/src/Illuminate/Routing/Router.php(691): Illuminate\Routing\Route->run(Object(Illuminate\Http\Request))
#23 [internal function]: Illuminate\Routing\Router->Illuminate\Routing\{closure}(Object(Illuminate\Http\Request))
#24 /home/marketingpublico/public_html/pool/vendor/laravel/framework/src/Illuminate/Pipeline/Pipeline.php(141): call_user_func(Object(Closure), Object(Illuminate\Http\Request))
#25 [internal function]: Illuminate\Pipeline\Pipeline->Illuminate\Pipeline\{closure}(Object(Illuminate\Http\Request))
#26 /home/marketingpublico/public_html/pool/vendor/laravel/framework/src/Illuminate/Pipeline/Pipeline.php(101): call_user_func(Object(Closure), Object(Illuminate\Http\Request))
#27 /home/marketingpublico/public_html/pool/vendor/laravel/framework/src/Illuminate/Routing/Router.php(693): Illuminate\Pipeline\Pipeline->then(Object(Closure))
#28 /home/marketingpublico/public_html/pool/vendor/laravel/framework/src/Illuminate/Routing/Router.php(660): Illuminate\Routing\Router->runRouteWithinStack(Object(Illuminate\Routing\Route), Object(Illuminate\Http\Request))
#29 /home/marketingpublico/public_html/pool/vendor/laravel/framework/src/Illuminate/Routing/Router.php(618): Illuminate\Routing\Router->dispatchToRoute(Object(Illuminate\Http\Request))
#30 /home/marketingpublico/public_html/pool/vendor/laravel/framework/src/Illuminate/Foundation/Http/Kernel.php(210): Illuminate\Routing\Router->dispatch(Object(Illuminate\Http\Request))
#31 [internal function]: Illuminate\Foundation\Http\Kernel->Illuminate\Foundation\Http\{closure}(Object(Illuminate\Http\Request))
#32 /home/marketingpublico/public_html/pool/vendor/laravel/framework/src/Illuminate/Pipeline/Pipeline.php(141): call_user_func(Object(Closure), Object(Illuminate\Http\Request))
#33 /home/marketingpublico/public_html/pool/vendor/laravel/framework/src/Illuminate/Foundation/Http/Middleware/VerifyCsrfToken.php(43): Illuminate\Pipeline\Pipeline->Illuminate\Pipeline\{closure}(Object(Illuminate\Http\Request))
#34 /home/marketingpublico/public_html/pool/app/Http/Middleware/VerifyCsrfToken.php(17): Illuminate\Foundation\Http\Middleware\VerifyCsrfToken->handle(Object(Illuminate\Http\Request), Object(Closure))
#35 /home/marketingpublico/public_html/pool/vendor/laravel/framework/src/Illuminate/Pipeline/Pipeline.php(125): App\Http\Middleware\VerifyCsrfToken->handle(Object(Illuminate\Http\Request), Object(Closure))
#36 /home/marketingpublico/public_html/pool/vendor/laravel/framework/src/Illuminate/View/Middleware/ShareErrorsFromSession.php(55): Illuminate\Pipeline\Pipeline->Illuminate\Pipeline\{closure}(Object(Illuminate\Http\Request))
#37 /home/marketingpublico/public_html/pool/vendor/laravel/framework/src/Illuminate/Pipeline/Pipeline.php(125): Illuminate\View\Middleware\ShareErrorsFromSession->handle(Object(Illuminate\Http\Request), Object(Closure))
#38 /home/marketingpublico/public_html/pool/vendor/laravel/framework/src/Illuminate/Session/Middleware/StartSession.php(61): Illuminate\Pipeline\Pipeline->Illuminate\Pipeline\{closure}(Object(Illuminate\Http\Request))
#39 /home/marketingpublico/public_html/pool/vendor/laravel/framework/src/Illuminate/Pipeline/Pipeline.php(125): Illuminate\Session\Middleware\StartSession->handle(Object(Illuminate\Http\Request), Object(Closure))
#40 /home/marketingpublico/public_html/pool/vendor/laravel/framework/src/Illuminate/Cookie/Middleware/AddQueuedCookiesToResponse.php(36): Illuminate\Pipeline\Pipeline->Illuminate\Pipeline\{closure}(Object(Illuminate\Http\Request))
#41 /home/marketingpublico/public_html/pool/vendor/laravel/framework/src/Illuminate/Pipeline/Pipeline.php(125): Illuminate\Cookie\Middleware\AddQueuedCookiesToResponse->handle(Object(Illuminate\Http\Request), Object(Closure))
#42 /home/marketingpublico/public_html/pool/vendor/laravel/framework/src/Illuminate/Cookie/Middleware/EncryptCookies.php(40): Illuminate\Pipeline\Pipeline->Illuminate\Pipeline\{closure}(Object(Illuminate\Http\Request))
#43 /home/marketingpublico/public_html/pool/vendor/laravel/framework/src/Illuminate/Pipeline/Pipeline.php(125): Illuminate\Cookie\Middleware\EncryptCookies->handle(Object(Illuminate\Http\Request), Object(Closure))
#44 /home/marketingpublico/public_html/pool/vendor/laravel/framework/src/Illuminate/Foundation/Http/Middleware/CheckForMaintenanceMode.php(42): Illuminate\Pipeline\Pipeline->Illuminate\Pipeline\{closure}(Object(Illuminate\Http\Request))
#45 /home/marketingpublico/public_html/pool/vendor/laravel/framework/src/Illuminate/Pipeline/Pipeline.php(125): Illuminate\Foundation\Http\Middleware\CheckForMaintenanceMode->handle(Object(Illuminate\Http\Request), Object(Closure))
#46 [internal function]: Illuminate\Pipeline\Pipeline->Illuminate\Pipeline\{closure}(Object(Illuminate\Http\Request))
#47 /home/marketingpublico/public_html/pool/vendor/laravel/framework/src/Illuminate/Pipeline/Pipeline.php(101): call_user_func(Object(Closure), Object(Illuminate\Http\Request))
#48 /home/marketingpublico/public_html/pool/vendor/laravel/framework/src/Illuminate/Foundation/Http/Kernel.php(111): Illuminate\Pipeline\Pipeline->then(Object(Closure))
#49 /home/marketingpublico/public_html/pool/vendor/laravel/framework/src/Illuminate/Foundation/Http/Kernel.php(84): Illuminate\Foundation\Http\Kernel->sendRequestThroughRouter(Object(Illuminate\Http\Request))
#50 /home/marketingpublico/public_html/pool/public/index.php(53): Illuminate\Foundation\Http\Kernel->handle(Object(Illuminate\Http\Request))
#51 {main}

Next exception 'Illuminate\Database\QueryException' with message 'SQLSTATE[42000]: Syntax error or access violation: 1064 You have an error in your SQL syntax; check the manual that corresponds to your MySQL server version for the right syntax to use near '.`name, score1` from `games` inner join `teams` as `T1` on `games`.`t1` = `T1`.`' at line 1 (SQL: select `games`.`id, T1`.`name, score1, T2`.`name, score1` from `games` inner join `teams` as `T1` on `games`.`t1` = `T1`.`id` inner join `teams` as `T2` on `games`.`t2` = `T2`.`id`)' in /home/marketingpublico/public_html/pool/vendor/laravel/framework/src/Illuminate/Database/Connection.php:620
Stack trace:
#0 /home/marketingpublico/public_html/pool/vendor/laravel/framework/src/Illuminate/Database/Connection.php(576): Illuminate\Database\Connection->runQueryCallback('select `games`....', Array, Object(Closure))
#1 /home/marketingpublico/public_html/pool/vendor/laravel/framework/src/Illuminate/Database/Connection.php(293): Illuminate\Database\Connection->run('select `games`....', Array, Object(Closure))
#2 /home/marketingpublico/public_html/pool/vendor/laravel/framework/src/Illuminate/Database/Query/Builder.php(1377): Illuminate\Database\Connection->select('select `games`....', Array, true)
#3 /home/marketingpublico/public_html/pool/vendor/laravel/framework/src/Illuminate/Database/Query/Builder.php(1367): Illuminate\Database\Query\Builder->runSelect()
#4 /home/marketingpublico/public_html/pool/vendor/laravel/framework/src/Illuminate/Database/Query/Builder.php(1354): Illuminate\Database\Query\Builder->getFresh(Array)
#5 /home/marketingpublico/public_html/pool/app/Http/Controllers/WelcomeController.php(52): Illuminate\Database\Query\Builder->get()
#6 [internal function]: App\Http\Controllers\WelcomeController->fixture()
#7 /home/marketingpublico/public_html/pool/vendor/laravel/framework/src/Illuminate/Routing/Controller.php(246): call_user_func_array(Array, Array)
#8 /home/marketingpublico/public_html/pool/vendor/laravel/framework/src/Illuminate/Routing/ControllerDispatcher.php(162): Illuminate\Routing\Controller->callAction('fixture', Array)
#9 /home/marketingpublico/public_html/pool/vendor/laravel/framework/src/Illuminate/Routing/ControllerDispatcher.php(107): Illuminate\Routing\ControllerDispatcher->call(Object(App\Http\Controllers\WelcomeController), Object(Illuminate\Routing\Route), 'fixture')
#10 [internal function]: Illuminate\Routing\ControllerDispatcher->Illuminate\Routing\{closure}(Object(Illuminate\Http\Request))
#11 /home/marketingpublico/public_html/pool/vendor/laravel/framework/src/Illuminate/Pipeline/Pipeline.php(141): call_user_func(Object(Closure), Object(Illuminate\Http\Request))
#12 /home/marketingpublico/public_html/pool/app/Http/Middleware/RedirectIfAuthenticated.php(41): Illuminate\Pipeline\Pipeline->Illuminate\Pipeline\{closure}(Object(Illuminate\Http\Request))
#13 /home/marketingpublico/public_html/pool/vendor/laravel/framework/src/Illuminate/Pipeline/Pipeline.php(125): App\Http\Middleware\RedirectIfAuthenticated->handle(Object(Illuminate\Http\Request), Object(Closure))
#14 [internal function]: Illuminate\Pipeline\Pipeline->Illuminate\Pipeline\{closure}(Object(Illuminate\Http\Request))
#15 /home/marketingpublico/public_html/pool/vendor/laravel/framework/src/Illuminate/Pipeline/Pipeline.php(101): call_user_func(Object(Closure), Object(Illuminate\Http\Request))
#16 /home/marketingpublico/public_html/pool/vendor/laravel/framework/src/Illuminate/Routing/ControllerDispatcher.php(108): Illuminate\Pipeline\Pipeline->then(Object(Closure))
#17 /home/marketingpublico/public_html/pool/vendor/laravel/framework/src/Illuminate/Routing/ControllerDispatcher.php(67): Illuminate\Routing\ControllerDispatcher->callWithinStack(Object(App\Http\Controllers\WelcomeController), Object(Illuminate\Routing\Route), Object(Illuminate\Http\Request), 'fixture')
#18 /home/marketingpublico/public_html/pool/vendor/laravel/framework/src/Illuminate/Routing/Route.php(198): Illuminate\Routing\ControllerDispatcher->dispatch(Object(Illuminate\Routing\Route), Object(Illuminate\Http\Request), 'App\\Http\\Contro...', 'fixture')
#19 /home/marketingpublico/public_html/pool/vendor/laravel/framework/src/Illuminate/Routing/Route.php(131): Illuminate\Routing\Route->runWithCustomDispatcher(Object(Illuminate\Http\Request))
#20 /home/marketingpublico/public_html/pool/vendor/laravel/framework/src/Illuminate/Routing/Router.php(691): Illuminate\Routing\Route->run(Object(Illuminate\Http\Request))
#21 [internal function]: Illuminate\Routing\Router->Illuminate\Routing\{closure}(Object(Illuminate\Http\Request))
#22 /home/marketingpublico/public_html/pool/vendor/laravel/framework/src/Illuminate/Pipeline/Pipeline.php(141): call_user_func(Object(Closure), Object(Illuminate\Http\Request))
#23 [internal function]: Illuminate\Pipeline\Pipeline->Illuminate\Pipeline\{closure}(Object(Illuminate\Http\Request))
#24 /home/marketingpublico/public_html/pool/vendor/laravel/framework/src/Illuminate/Pipeline/Pipeline.php(101): call_user_func(Object(Closure), Object(Illuminate\Http\Request))
#25 /home/marketingpublico/public_html/pool/vendor/laravel/framework/src/Illuminate/Routing/Router.php(693): Illuminate\Pipeline\Pipeline->then(Object(Closure))
#26 /home/marketingpublico/public_html/pool/vendor/laravel/framework/src/Illuminate/Routing/Router.php(660): Illuminate\Routing\Router->runRouteWithinStack(Object(Illuminate\Routing\Route), Object(Illuminate\Http\Request))
#27 /home/marketingpublico/public_html/pool/vendor/laravel/framework/src/Illuminate/Routing/Router.php(618): Illuminate\Routing\Router->dispatchToRoute(Object(Illuminate\Http\Request))
#28 /home/marketingpublico/public_html/pool/vendor/laravel/framework/src/Illuminate/Foundation/Http/Kernel.php(210): Illuminate\Routing\Router->dispatch(Object(Illuminate\Http\Request))
#29 [internal function]: Illuminate\Foundation\Http\Kernel->Illuminate\Foundation\Http\{closure}(Object(Illuminate\Http\Request))
#30 /home/marketingpublico/public_html/pool/vendor/laravel/framework/src/Illuminate/Pipeline/Pipeline.php(141): call_user_func(Object(Closure), Object(Illuminate\Http\Request))
#31 /home/marketingpublico/public_html/pool/vendor/laravel/framework/src/Illuminate/Foundation/Http/Middleware/VerifyCsrfToken.php(43): Illuminate\Pipeline\Pipeline->Illuminate\Pipeline\{closure}(Object(Illuminate\Http\Request))
#32 /home/marketingpublico/public_html/pool/app/Http/Middleware/VerifyCsrfToken.php(17): Illuminate\Foundation\Http\Middleware\VerifyCsrfToken->handle(Object(Illuminate\Http\Request), Object(Closure))
#33 /home/marketingpublico/public_html/pool/vendor/laravel/framework/src/Illuminate/Pipeline/Pipeline.php(125): App\Http\Middleware\VerifyCsrfToken->handle(Object(Illuminate\Http\Request), Object(Closure))
#34 /home/marketingpublico/public_html/pool/vendor/laravel/framework/src/Illuminate/View/Middleware/ShareErrorsFromSession.php(55): Illuminate\Pipeline\Pipeline->Illuminate\Pipeline\{closure}(Object(Illuminate\Http\Request))
#35 /home/marketingpublico/public_html/pool/vendor/laravel/framework/src/Illuminate/Pipeline/Pipeline.php(125): Illuminate\View\Middleware\ShareErrorsFromSession->handle(Object(Illuminate\Http\Request), Object(Closure))
#36 /home/marketingpublico/public_html/pool/vendor/laravel/framework/src/Illuminate/Session/Middleware/StartSession.php(61): Illuminate\Pipeline\Pipeline->Illuminate\Pipeline\{closure}(Object(Illuminate\Http\Request))
#37 /home/marketingpublico/public_html/pool/vendor/laravel/framework/src/Illuminate/Pipeline/Pipeline.php(125): Illuminate\Session\Middleware\StartSession->handle(Object(Illuminate\Http\Request), Object(Closure))
#38 /home/marketingpublico/public_html/pool/vendor/laravel/framework/src/Illuminate/Cookie/Middleware/AddQueuedCookiesToResponse.php(36): Illuminate\Pipeline\Pipeline->Illuminate\Pipeline\{closure}(Object(Illuminate\Http\Request))
#39 /home/marketingpublico/public_html/pool/vendor/laravel/framework/src/Illuminate/Pipeline/Pipeline.php(125): Illuminate\Cookie\Middleware\AddQueuedCookiesToResponse->handle(Object(Illuminate\Http\Request), Object(Closure))
#40 /home/marketingpublico/public_html/pool/vendor/laravel/framework/src/Illuminate/Cookie/Middleware/EncryptCookies.php(40): Illuminate\Pipeline\Pipeline->Illuminate\Pipeline\{closure}(Object(Illuminate\Http\Request))
#41 /home/marketingpublico/public_html/pool/vendor/laravel/framework/src/Illuminate/Pipeline/Pipeline.php(125): Illuminate\Cookie\Middleware\EncryptCookies->handle(Object(Illuminate\Http\Request), Object(Closure))
#42 /home/marketingpublico/public_html/pool/vendor/laravel/framework/src/Illuminate/Foundation/Http/Middleware/CheckForMaintenanceMode.php(42): Illuminate\Pipeline\Pipeline->Illuminate\Pipeline\{closure}(Object(Illuminate\Http\Request))
#43 /home/marketingpublico/public_html/pool/vendor/laravel/framework/src/Illuminate/Pipeline/Pipeline.php(125): Illuminate\Foundation\Http\Middleware\CheckForMaintenanceMode->handle(Object(Illuminate\Http\Request), Object(Closure))
#44 [internal function]: Illuminate\Pipeline\Pipeline->Illuminate\Pipeline\{closure}(Object(Illuminate\Http\Request))
#45 /home/marketingpublico/public_html/pool/vendor/laravel/framework/src/Illuminate/Pipeline/Pipeline.php(101): call_user_func(Object(Closure), Object(Illuminate\Http\Request))
#46 /home/marketingpublico/public_html/pool/vendor/laravel/framework/src/Illuminate/Foundation/Http/Kernel.php(111): Illuminate\Pipeline\Pipeline->then(Object(Closure))
#47 /home/marketingpublico/public_html/pool/vendor/laravel/framework/src/Illuminate/Foundation/Http/Kernel.php(84): Illuminate\Foundation\Http\Kernel->sendRequestThroughRouter(Object(Illuminate\Http\Request))
#48 /home/marketingpublico/public_html/pool/public/index.php(53): Illuminate\Foundation\Http\Kernel->handle(Object(Illuminate\Http\Request))
#49 {main}  
[2015-05-18 00:02:16] local.ERROR: exception 'PDOException' with message 'SQLSTATE[42S22]: Column not found: 1054 Unknown column 'games.idscore1' in 'field list'' in /home/marketingpublico/public_html/pool/vendor/laravel/framework/src/Illuminate/Database/Connection.php:288
Stack trace:
#0 /home/marketingpublico/public_html/pool/vendor/laravel/framework/src/Illuminate/Database/Connection.php(288): PDO->prepare('select `games`....')
#1 /home/marketingpublico/public_html/pool/vendor/laravel/framework/src/Illuminate/Database/Connection.php(612): Illuminate\Database\Connection->Illuminate\Database\{closure}(Object(Illuminate\Database\MySqlConnection), 'select `games`....', Array)
#2 /home/marketingpublico/public_html/pool/vendor/laravel/framework/src/Illuminate/Database/Connection.php(576): Illuminate\Database\Connection->runQueryCallback('select `games`....', Array, Object(Closure))
#3 /home/marketingpublico/public_html/pool/vendor/laravel/framework/src/Illuminate/Database/Connection.php(293): Illuminate\Database\Connection->run('select `games`....', Array, Object(Closure))
#4 /home/marketingpublico/public_html/pool/vendor/laravel/framework/src/Illuminate/Database/Query/Builder.php(1377): Illuminate\Database\Connection->select('select `games`....', Array, true)
#5 /home/marketingpublico/public_html/pool/vendor/laravel/framework/src/Illuminate/Database/Query/Builder.php(1367): Illuminate\Database\Query\Builder->runSelect()
#6 /home/marketingpublico/public_html/pool/vendor/laravel/framework/src/Illuminate/Database/Query/Builder.php(1354): Illuminate\Database\Query\Builder->getFresh(Array)
#7 /home/marketingpublico/public_html/pool/app/Http/Controllers/WelcomeController.php(52): Illuminate\Database\Query\Builder->get()
#8 [internal function]: App\Http\Controllers\WelcomeController->fixture()
#9 /home/marketingpublico/public_html/pool/vendor/laravel/framework/src/Illuminate/Routing/Controller.php(246): call_user_func_array(Array, Array)
#10 /home/marketingpublico/public_html/pool/vendor/laravel/framework/src/Illuminate/Routing/ControllerDispatcher.php(162): Illuminate\Routing\Controller->callAction('fixture', Array)
#11 /home/marketingpublico/public_html/pool/vendor/laravel/framework/src/Illuminate/Routing/ControllerDispatcher.php(107): Illuminate\Routing\ControllerDispatcher->call(Object(App\Http\Controllers\WelcomeController), Object(Illuminate\Routing\Route), 'fixture')
#12 [internal function]: Illuminate\Routing\ControllerDispatcher->Illuminate\Routing\{closure}(Object(Illuminate\Http\Request))
#13 /home/marketingpublico/public_html/pool/vendor/laravel/framework/src/Illuminate/Pipeline/Pipeline.php(141): call_user_func(Object(Closure), Object(Illuminate\Http\Request))
#14 /home/marketingpublico/public_html/pool/app/Http/Middleware/RedirectIfAuthenticated.php(41): Illuminate\Pipeline\Pipeline->Illuminate\Pipeline\{closure}(Object(Illuminate\Http\Request))
#15 /home/marketingpublico/public_html/pool/vendor/laravel/framework/src/Illuminate/Pipeline/Pipeline.php(125): App\Http\Middleware\RedirectIfAuthenticated->handle(Object(Illuminate\Http\Request), Object(Closure))
#16 [internal function]: Illuminate\Pipeline\Pipeline->Illuminate\Pipeline\{closure}(Object(Illuminate\Http\Request))
#17 /home/marketingpublico/public_html/pool/vendor/laravel/framework/src/Illuminate/Pipeline/Pipeline.php(101): call_user_func(Object(Closure), Object(Illuminate\Http\Request))
#18 /home/marketingpublico/public_html/pool/vendor/laravel/framework/src/Illuminate/Routing/ControllerDispatcher.php(108): Illuminate\Pipeline\Pipeline->then(Object(Closure))
#19 /home/marketingpublico/public_html/pool/vendor/laravel/framework/src/Illuminate/Routing/ControllerDispatcher.php(67): Illuminate\Routing\ControllerDispatcher->callWithinStack(Object(App\Http\Controllers\WelcomeController), Object(Illuminate\Routing\Route), Object(Illuminate\Http\Request), 'fixture')
#20 /home/marketingpublico/public_html/pool/vendor/laravel/framework/src/Illuminate/Routing/Route.php(198): Illuminate\Routing\ControllerDispatcher->dispatch(Object(Illuminate\Routing\Route), Object(Illuminate\Http\Request), 'App\\Http\\Contro...', 'fixture')
#21 /home/marketingpublico/public_html/pool/vendor/laravel/framework/src/Illuminate/Routing/Route.php(131): Illuminate\Routing\Route->runWithCustomDispatcher(Object(Illuminate\Http\Request))
#22 /home/marketingpublico/public_html/pool/vendor/laravel/framework/src/Illuminate/Routing/Router.php(691): Illuminate\Routing\Route->run(Object(Illuminate\Http\Request))
#23 [internal function]: Illuminate\Routing\Router->Illuminate\Routing\{closure}(Object(Illuminate\Http\Request))
#24 /home/marketingpublico/public_html/pool/vendor/laravel/framework/src/Illuminate/Pipeline/Pipeline.php(141): call_user_func(Object(Closure), Object(Illuminate\Http\Request))
#25 [internal function]: Illuminate\Pipeline\Pipeline->Illuminate\Pipeline\{closure}(Object(Illuminate\Http\Request))
#26 /home/marketingpublico/public_html/pool/vendor/laravel/framework/src/Illuminate/Pipeline/Pipeline.php(101): call_user_func(Object(Closure), Object(Illuminate\Http\Request))
#27 /home/marketingpublico/public_html/pool/vendor/laravel/framework/src/Illuminate/Routing/Router.php(693): Illuminate\Pipeline\Pipeline->then(Object(Closure))
#28 /home/marketingpublico/public_html/pool/vendor/laravel/framework/src/Illuminate/Routing/Router.php(660): Illuminate\Routing\Router->runRouteWithinStack(Object(Illuminate\Routing\Route), Object(Illuminate\Http\Request))
#29 /home/marketingpublico/public_html/pool/vendor/laravel/framework/src/Illuminate/Routing/Router.php(618): Illuminate\Routing\Router->dispatchToRoute(Object(Illuminate\Http\Request))
#30 /home/marketingpublico/public_html/pool/vendor/laravel/framework/src/Illuminate/Foundation/Http/Kernel.php(210): Illuminate\Routing\Router->dispatch(Object(Illuminate\Http\Request))
#31 [internal function]: Illuminate\Foundation\Http\Kernel->Illuminate\Foundation\Http\{closure}(Object(Illuminate\Http\Request))
#32 /home/marketingpublico/public_html/pool/vendor/laravel/framework/src/Illuminate/Pipeline/Pipeline.php(141): call_user_func(Object(Closure), Object(Illuminate\Http\Request))
#33 /home/marketingpublico/public_html/pool/vendor/laravel/framework/src/Illuminate/Foundation/Http/Middleware/VerifyCsrfToken.php(43): Illuminate\Pipeline\Pipeline->Illuminate\Pipeline\{closure}(Object(Illuminate\Http\Request))
#34 /home/marketingpublico/public_html/pool/app/Http/Middleware/VerifyCsrfToken.php(17): Illuminate\Foundation\Http\Middleware\VerifyCsrfToken->handle(Object(Illuminate\Http\Request), Object(Closure))
#35 /home/marketingpublico/public_html/pool/vendor/laravel/framework/src/Illuminate/Pipeline/Pipeline.php(125): App\Http\Middleware\VerifyCsrfToken->handle(Object(Illuminate\Http\Request), Object(Closure))
#36 /home/marketingpublico/public_html/pool/vendor/laravel/framework/src/Illuminate/View/Middleware/ShareErrorsFromSession.php(55): Illuminate\Pipeline\Pipeline->Illuminate\Pipeline\{closure}(Object(Illuminate\Http\Request))
#37 /home/marketingpublico/public_html/pool/vendor/laravel/framework/src/Illuminate/Pipeline/Pipeline.php(125): Illuminate\View\Middleware\ShareErrorsFromSession->handle(Object(Illuminate\Http\Request), Object(Closure))
#38 /home/marketingpublico/public_html/pool/vendor/laravel/framework/src/Illuminate/Session/Middleware/StartSession.php(61): Illuminate\Pipeline\Pipeline->Illuminate\Pipeline\{closure}(Object(Illuminate\Http\Request))
#39 /home/marketingpublico/public_html/pool/vendor/laravel/framework/src/Illuminate/Pipeline/Pipeline.php(125): Illuminate\Session\Middleware\StartSession->handle(Object(Illuminate\Http\Request), Object(Closure))
#40 /home/marketingpublico/public_html/pool/vendor/laravel/framework/src/Illuminate/Cookie/Middleware/AddQueuedCookiesToResponse.php(36): Illuminate\Pipeline\Pipeline->Illuminate\Pipeline\{closure}(Object(Illuminate\Http\Request))
#41 /home/marketingpublico/public_html/pool/vendor/laravel/framework/src/Illuminate/Pipeline/Pipeline.php(125): Illuminate\Cookie\Middleware\AddQueuedCookiesToResponse->handle(Object(Illuminate\Http\Request), Object(Closure))
#42 /home/marketingpublico/public_html/pool/vendor/laravel/framework/src/Illuminate/Cookie/Middleware/EncryptCookies.php(40): Illuminate\Pipeline\Pipeline->Illuminate\Pipeline\{closure}(Object(Illuminate\Http\Request))
#43 /home/marketingpublico/public_html/pool/vendor/laravel/framework/src/Illuminate/Pipeline/Pipeline.php(125): Illuminate\Cookie\Middleware\EncryptCookies->handle(Object(Illuminate\Http\Request), Object(Closure))
#44 /home/marketingpublico/public_html/pool/vendor/laravel/framework/src/Illuminate/Foundation/Http/Middleware/CheckForMaintenanceMode.php(42): Illuminate\Pipeline\Pipeline->Illuminate\Pipeline\{closure}(Object(Illuminate\Http\Request))
#45 /home/marketingpublico/public_html/pool/vendor/laravel/framework/src/Illuminate/Pipeline/Pipeline.php(125): Illuminate\Foundation\Http\Middleware\CheckForMaintenanceMode->handle(Object(Illuminate\Http\Request), Object(Closure))
#46 [internal function]: Illuminate\Pipeline\Pipeline->Illuminate\Pipeline\{closure}(Object(Illuminate\Http\Request))
#47 /home/marketingpublico/public_html/pool/vendor/laravel/framework/src/Illuminate/Pipeline/Pipeline.php(101): call_user_func(Object(Closure), Object(Illuminate\Http\Request))
#48 /home/marketingpublico/public_html/pool/vendor/laravel/framework/src/Illuminate/Foundation/Http/Kernel.php(111): Illuminate\Pipeline\Pipeline->then(Object(Closure))
#49 /home/marketingpublico/public_html/pool/vendor/laravel/framework/src/Illuminate/Foundation/Http/Kernel.php(84): Illuminate\Foundation\Http\Kernel->sendRequestThroughRouter(Object(Illuminate\Http\Request))
#50 /home/marketingpublico/public_html/pool/public/index.php(53): Illuminate\Foundation\Http\Kernel->handle(Object(Illuminate\Http\Request))
#51 {main}

Next exception 'Illuminate\Database\QueryException' with message 'SQLSTATE[42S22]: Column not found: 1054 Unknown column 'games.idscore1' in 'field list' (SQL: select `games`.`id`, `T1`.`name`, `games`.`idscore1`, `T2`.`name`, `games`.`idscore1` from `games` inner join `teams` as `T1` on `games`.`t1` = `T1`.`id` inner join `teams` as `T2` on `games`.`t2` = `T2`.`id`)' in /home/marketingpublico/public_html/pool/vendor/laravel/framework/src/Illuminate/Database/Connection.php:620
Stack trace:
#0 /home/marketingpublico/public_html/pool/vendor/laravel/framework/src/Illuminate/Database/Connection.php(576): Illuminate\Database\Connection->runQueryCallback('select `games`....', Array, Object(Closure))
#1 /home/marketingpublico/public_html/pool/vendor/laravel/framework/src/Illuminate/Database/Connection.php(293): Illuminate\Database\Connection->run('select `games`....', Array, Object(Closure))
#2 /home/marketingpublico/public_html/pool/vendor/laravel/framework/src/Illuminate/Database/Query/Builder.php(1377): Illuminate\Database\Connection->select('select `games`....', Array, true)
#3 /home/marketingpublico/public_html/pool/vendor/laravel/framework/src/Illuminate/Database/Query/Builder.php(1367): Illuminate\Database\Query\Builder->runSelect()
#4 /home/marketingpublico/public_html/pool/vendor/laravel/framework/src/Illuminate/Database/Query/Builder.php(1354): Illuminate\Database\Query\Builder->getFresh(Array)
#5 /home/marketingpublico/public_html/pool/app/Http/Controllers/WelcomeController.php(52): Illuminate\Database\Query\Builder->get()
#6 [internal function]: App\Http\Controllers\WelcomeController->fixture()
#7 /home/marketingpublico/public_html/pool/vendor/laravel/framework/src/Illuminate/Routing/Controller.php(246): call_user_func_array(Array, Array)
#8 /home/marketingpublico/public_html/pool/vendor/laravel/framework/src/Illuminate/Routing/ControllerDispatcher.php(162): Illuminate\Routing\Controller->callAction('fixture', Array)
#9 /home/marketingpublico/public_html/pool/vendor/laravel/framework/src/Illuminate/Routing/ControllerDispatcher.php(107): Illuminate\Routing\ControllerDispatcher->call(Object(App\Http\Controllers\WelcomeController), Object(Illuminate\Routing\Route), 'fixture')
#10 [internal function]: Illuminate\Routing\ControllerDispatcher->Illuminate\Routing\{closure}(Object(Illuminate\Http\Request))
#11 /home/marketingpublico/public_html/pool/vendor/laravel/framework/src/Illuminate/Pipeline/Pipeline.php(141): call_user_func(Object(Closure), Object(Illuminate\Http\Request))
#12 /home/marketingpublico/public_html/pool/app/Http/Middleware/RedirectIfAuthenticated.php(41): Illuminate\Pipeline\Pipeline->Illuminate\Pipeline\{closure}(Object(Illuminate\Http\Request))
#13 /home/marketingpublico/public_html/pool/vendor/laravel/framework/src/Illuminate/Pipeline/Pipeline.php(125): App\Http\Middleware\RedirectIfAuthenticated->handle(Object(Illuminate\Http\Request), Object(Closure))
#14 [internal function]: Illuminate\Pipeline\Pipeline->Illuminate\Pipeline\{closure}(Object(Illuminate\Http\Request))
#15 /home/marketingpublico/public_html/pool/vendor/laravel/framework/src/Illuminate/Pipeline/Pipeline.php(101): call_user_func(Object(Closure), Object(Illuminate\Http\Request))
#16 /home/marketingpublico/public_html/pool/vendor/laravel/framework/src/Illuminate/Routing/ControllerDispatcher.php(108): Illuminate\Pipeline\Pipeline->then(Object(Closure))
#17 /home/marketingpublico/public_html/pool/vendor/laravel/framework/src/Illuminate/Routing/ControllerDispatcher.php(67): Illuminate\Routing\ControllerDispatcher->callWithinStack(Object(App\Http\Controllers\WelcomeController), Object(Illuminate\Routing\Route), Object(Illuminate\Http\Request), 'fixture')
#18 /home/marketingpublico/public_html/pool/vendor/laravel/framework/src/Illuminate/Routing/Route.php(198): Illuminate\Routing\ControllerDispatcher->dispatch(Object(Illuminate\Routing\Route), Object(Illuminate\Http\Request), 'App\\Http\\Contro...', 'fixture')
#19 /home/marketingpublico/public_html/pool/vendor/laravel/framework/src/Illuminate/Routing/Route.php(131): Illuminate\Routing\Route->runWithCustomDispatcher(Object(Illuminate\Http\Request))
#20 /home/marketingpublico/public_html/pool/vendor/laravel/framework/src/Illuminate/Routing/Router.php(691): Illuminate\Routing\Route->run(Object(Illuminate\Http\Request))
#21 [internal function]: Illuminate\Routing\Router->Illuminate\Routing\{closure}(Object(Illuminate\Http\Request))
#22 /home/marketingpublico/public_html/pool/vendor/laravel/framework/src/Illuminate/Pipeline/Pipeline.php(141): call_user_func(Object(Closure), Object(Illuminate\Http\Request))
#23 [internal function]: Illuminate\Pipeline\Pipeline->Illuminate\Pipeline\{closure}(Object(Illuminate\Http\Request))
#24 /home/marketingpublico/public_html/pool/vendor/laravel/framework/src/Illuminate/Pipeline/Pipeline.php(101): call_user_func(Object(Closure), Object(Illuminate\Http\Request))
#25 /home/marketingpublico/public_html/pool/vendor/laravel/framework/src/Illuminate/Routing/Router.php(693): Illuminate\Pipeline\Pipeline->then(Object(Closure))
#26 /home/marketingpublico/public_html/pool/vendor/laravel/framework/src/Illuminate/Routing/Router.php(660): Illuminate\Routing\Router->runRouteWithinStack(Object(Illuminate\Routing\Route), Object(Illuminate\Http\Request))
#27 /home/marketingpublico/public_html/pool/vendor/laravel/framework/src/Illuminate/Routing/Router.php(618): Illuminate\Routing\Router->dispatchToRoute(Object(Illuminate\Http\Request))
#28 /home/marketingpublico/public_html/pool/vendor/laravel/framework/src/Illuminate/Foundation/Http/Kernel.php(210): Illuminate\Routing\Router->dispatch(Object(Illuminate\Http\Request))
#29 [internal function]: Illuminate\Foundation\Http\Kernel->Illuminate\Foundation\Http\{closure}(Object(Illuminate\Http\Request))
#30 /home/marketingpublico/public_html/pool/vendor/laravel/framework/src/Illuminate/Pipeline/Pipeline.php(141): call_user_func(Object(Closure), Object(Illuminate\Http\Request))
#31 /home/marketingpublico/public_html/pool/vendor/laravel/framework/src/Illuminate/Foundation/Http/Middleware/VerifyCsrfToken.php(43): Illuminate\Pipeline\Pipeline->Illuminate\Pipeline\{closure}(Object(Illuminate\Http\Request))
#32 /home/marketingpublico/public_html/pool/app/Http/Middleware/VerifyCsrfToken.php(17): Illuminate\Foundation\Http\Middleware\VerifyCsrfToken->handle(Object(Illuminate\Http\Request), Object(Closure))
#33 /home/marketingpublico/public_html/pool/vendor/laravel/framework/src/Illuminate/Pipeline/Pipeline.php(125): App\Http\Middleware\VerifyCsrfToken->handle(Object(Illuminate\Http\Request), Object(Closure))
#34 /home/marketingpublico/public_html/pool/vendor/laravel/framework/src/Illuminate/View/Middleware/ShareErrorsFromSession.php(55): Illuminate\Pipeline\Pipeline->Illuminate\Pipeline\{closure}(Object(Illuminate\Http\Request))
#35 /home/marketingpublico/public_html/pool/vendor/laravel/framework/src/Illuminate/Pipeline/Pipeline.php(125): Illuminate\View\Middleware\ShareErrorsFromSession->handle(Object(Illuminate\Http\Request), Object(Closure))
#36 /home/marketingpublico/public_html/pool/vendor/laravel/framework/src/Illuminate/Session/Middleware/StartSession.php(61): Illuminate\Pipeline\Pipeline->Illuminate\Pipeline\{closure}(Object(Illuminate\Http\Request))
#37 /home/marketingpublico/public_html/pool/vendor/laravel/framework/src/Illuminate/Pipeline/Pipeline.php(125): Illuminate\Session\Middleware\StartSession->handle(Object(Illuminate\Http\Request), Object(Closure))
#38 /home/marketingpublico/public_html/pool/vendor/laravel/framework/src/Illuminate/Cookie/Middleware/AddQueuedCookiesToResponse.php(36): Illuminate\Pipeline\Pipeline->Illuminate\Pipeline\{closure}(Object(Illuminate\Http\Request))
#39 /home/marketingpublico/public_html/pool/vendor/laravel/framework/src/Illuminate/Pipeline/Pipeline.php(125): Illuminate\Cookie\Middleware\AddQueuedCookiesToResponse->handle(Object(Illuminate\Http\Request), Object(Closure))
#40 /home/marketingpublico/public_html/pool/vendor/laravel/framework/src/Illuminate/Cookie/Middleware/EncryptCookies.php(40): Illuminate\Pipeline\Pipeline->Illuminate\Pipeline\{closure}(Object(Illuminate\Http\Request))
#41 /home/marketingpublico/public_html/pool/vendor/laravel/framework/src/Illuminate/Pipeline/Pipeline.php(125): Illuminate\Cookie\Middleware\EncryptCookies->handle(Object(Illuminate\Http\Request), Object(Closure))
#42 /home/marketingpublico/public_html/pool/vendor/laravel/framework/src/Illuminate/Foundation/Http/Middleware/CheckForMaintenanceMode.php(42): Illuminate\Pipeline\Pipeline->Illuminate\Pipeline\{closure}(Object(Illuminate\Http\Request))
#43 /home/marketingpublico/public_html/pool/vendor/laravel/framework/src/Illuminate/Pipeline/Pipeline.php(125): Illuminate\Foundation\Http\Middleware\CheckForMaintenanceMode->handle(Object(Illuminate\Http\Request), Object(Closure))
#44 [internal function]: Illuminate\Pipeline\Pipeline->Illuminate\Pipeline\{closure}(Object(Illuminate\Http\Request))
#45 /home/marketingpublico/public_html/pool/vendor/laravel/framework/src/Illuminate/Pipeline/Pipeline.php(101): call_user_func(Object(Closure), Object(Illuminate\Http\Request))
#46 /home/marketingpublico/public_html/pool/vendor/laravel/framework/src/Illuminate/Foundation/Http/Kernel.php(111): Illuminate\Pipeline\Pipeline->then(Object(Closure))
#47 /home/marketingpublico/public_html/pool/vendor/laravel/framework/src/Illuminate/Foundation/Http/Kernel.php(84): Illuminate\Foundation\Http\Kernel->sendRequestThroughRouter(Object(Illuminate\Http\Request))
#48 /home/marketingpublico/public_html/pool/public/index.php(53): Illuminate\Foundation\Http\Kernel->handle(Object(Illuminate\Http\Request))
#49 {main}  
